<?xml version="1.0" encoding="UTF-8"?>
<testsuite xmlns:xsi="http://www.w3.org/2001/XMLSchema-instance" xsi:noNamespaceSchemaLocation="https://maven.apache.org/surefire/maven-surefire-plugin/xsd/surefire-test-report-3.0.xsd" version="3.0" name="TestSuite" time="1.2" tests="6" errors="0" skipped="0" failures="0">
  <properties>
[...]
</properties>
  <testcase name="IOSApps" classname="com.Selenium.AppiumTest" time="0.002">
    <system-out><![CDATA[[TestNGContentHandler] [WARN] It is strongly recommended to add "<!DOCTYPE suite SYSTEM "http://testng.org/testng-1.0.dtd" >" at the top of your file, otherwise TestNG may fail or not work as expected.
IOSApps
]]></system-out>
  </testcase>
  <testcase name="NativeAPpAndroid" classname="com.Selenium.AppiumTest" time="0.001">
    <system-out><![CDATA[NativeAPpAndroid
]]></system-out>
  </testcase>
  <testcase name="deleteTwitter" classname="com.Selenium.RESTAPITest" time="0.001">
    <system-out><![CDATA[deleteTwitter
]]></system-out>
  </testcase>
  <testcase name="postJira" classname="com.Selenium.RESTAPITest" time="0.001">
    <system-out><![CDATA[postJira
]]></system-out>
  </testcase>
  <testcase name="BrowserAUtomation" classname="com.Selenium.SeleniumTest" time="0.002">
    <system-out><![CDATA[BrowserAUtomation
]]></system-out>
  </testcase>
  <testcase name="elementsUi" classname="com.Selenium.SeleniumTest" time="0">
    <system-out><![CDATA[elementsUi
]]></system-out>
  </testcase>
</testsuite>