<?xml version="1.0" encoding="UTF-8"?>
<testng-results ignored="0" total="6" passed="6" failed="0" skipped="0">
  <reporter-output>
  </reporter-output>
  <suite started-at="2021-08-05T16:41:32Z" name="Suite" finished-at="2021-08-05T16:41:32Z" duration-ms="30">
    <groups>
    </groups>
    <test started-at="2021-08-05T16:41:32Z" name="Test" finished-at="2021-08-05T16:41:32Z" duration-ms="30">
      <class name="com.Selenium.AppiumTest">
        <test-method signature="IOSApps()[pri:0, instance:com.Selenium.AppiumTest@52e7a6b2]" started-at="2021-08-05T16:41:32Z" name="IOSApps" finished-at="2021-08-05T16:41:32Z" duration-ms="6" status="PASS">
          <reporter-output>
          </reporter-output>
        </test-method> <!-- IOSApps -->
        <test-method signature="NativeAPpAndroid()[pri:0, instance:com.Selenium.AppiumTest@52e7a6b2]" started-at="2021-08-05T16:41:32Z" name="NativeAPpAndroid" finished-at="2021-08-05T16:41:32Z" duration-ms="0" status="PASS">
          <reporter-output>
          </reporter-output>
        </test-method> <!-- NativeAPpAndroid -->
      </class> <!-- com.Selenium.AppiumTest -->
      <class name="com.Selenium.SeleniumTest">
        <test-method signature="BrowserAUtomation()[pri:0, instance:com.Selenium.SeleniumTest@79c97cb]" started-at="2021-08-05T16:41:32Z" name="BrowserAUtomation" finished-at="2021-08-05T16:41:32Z" duration-ms="0" status="PASS">
          <reporter-output>
          </reporter-output>
        </test-method> <!-- BrowserAUtomation -->
        <test-method signature="elementsUi()[pri:0, instance:com.Selenium.SeleniumTest@79c97cb]" started-at="2021-08-05T16:41:32Z" name="elementsUi" finished-at="2021-08-05T16:41:32Z" duration-ms="0" status="PASS">
          <reporter-output>
          </reporter-output>
        </test-method> <!-- elementsUi -->
      </class> <!-- com.Selenium.SeleniumTest -->
      <class name="com.Selenium.RESTAPITest">
        <test-method signature="deleteTwitter()[pri:0, instance:com.Selenium.RESTAPITest@29a5f4e7]" started-at="2021-08-05T16:41:32Z" name="deleteTwitter" finished-at="2021-08-05T16:41:32Z" duration-ms="0" status="PASS">
          <reporter-output>
          </reporter-output>
        </test-method> <!-- deleteTwitter -->
        <test-method signature="postJira()[pri:0, instance:com.Selenium.RESTAPITest@29a5f4e7]" started-at="2021-08-05T16:41:32Z" name="postJira" finished-at="2021-08-05T16:41:32Z" duration-ms="1" status="PASS">
          <reporter-output>
          </reporter-output>
        </test-method> <!-- postJira -->
      </class> <!-- com.Selenium.RESTAPITest -->
    </test> <!-- Test -->
  </suite> <!-- Suite -->
</testng-results>
