<?xml version="1.0" encoding="UTF-8"?>
<!-- Generated by org.testng.reporters.JUnitXMLReporter -->
<testsuite ignored="0" hostname="LAPTOP-D2NT29JK" failures="0" tests="6" name="Test" time="0.03" errors="0" timestamp="05 Aug 2021 16:41:32 GMT">
  <testcase classname="com.Selenium.AppiumTest" name="IOSApps" time="0.006"/>
  <testcase classname="com.Selenium.AppiumTest" name="NativeAPpAndroid" time="0.0"/>
  <testcase classname="com.Selenium.RESTAPITest" name="deleteTwitter" time="0.0"/>
  <testcase classname="com.Selenium.RESTAPITest" name="postJira" time="0.001"/>
  <testcase classname="com.Selenium.SeleniumTest" name="BrowserAUtomation" time="0.0"/>
  <testcase classname="com.Selenium.SeleniumTest" name="elementsUi" time="0.0"/>
</testsuite> <!-- Test -->
