<?xml version="1.0" encoding="UTF-8"?>
<testng-results total="1" passed="1" failed="0" skipped="0">
  <reporter-output>
  </reporter-output>
  <suite started-at="2021-08-21T04:44:40Z" name="Default suite" finished-at="2021-08-21T04:44:46Z" duration-ms="5978">
    <groups>
    </groups>
    <test started-at="2021-08-21T04:44:40Z" name="Default test" finished-at="2021-08-21T04:44:46Z" duration-ms="5978">
      <class name="com.ExcelDriven.Salesforce">
        <test-method is-config="true" signature="Driver()[pri:0, instance:com.ExcelDriven.Salesforce@466276d8]" started-at="2021-08-21T10:14:40Z" name="Driver" finished-at="2021-08-21T10:14:42Z" duration-ms="1592" status="PASS">
          <reporter-output>
          </reporter-output>
        </test-method> <!-- Driver -->
        <test-method signature="login()[pri:0, instance:com.ExcelDriven.Salesforce@466276d8]" started-at="2021-08-21T10:14:42Z" name="login" finished-at="2021-08-21T10:14:46Z" duration-ms="4365" status="PASS">
          <reporter-output>
          </reporter-output>
        </test-method> <!-- login -->
        <test-method is-config="true" signature="check()[pri:0, instance:com.ExcelDriven.Salesforce@466276d8]" started-at="2021-08-21T10:14:46Z" name="check" finished-at="2021-08-21T10:14:46Z" duration-ms="0" status="PASS">
          <reporter-output>
          </reporter-output>
        </test-method> <!-- check -->
      </class> <!-- com.ExcelDriven.Salesforce -->
    </test> <!-- Default test -->
  </suite> <!-- Default suite -->
</testng-results>
