<?xml version="1.0" encoding="UTF-8"?>
<testng-results ignored="0" total="1" passed="1" failed="0" skipped="0">
  <reporter-output>
  </reporter-output>
  <suite started-at="2021-08-06T18:35:11Z" name="Default suite" finished-at="2021-08-06T18:35:20Z" duration-ms="8890">
    <groups>
    </groups>
    <test started-at="2021-08-06T18:35:11Z" name="Default test" finished-at="2021-08-06T18:35:20Z" duration-ms="8890">
      <class name="com.ExtentReport.ExtentReportDemo">
        <test-method is-config="true" signature="config()[pri:0, instance:com.ExtentReport.ExtentReportDemo@573906eb]" started-at="2021-08-06T18:35:11Z" name="config" finished-at="2021-08-06T18:35:11Z" duration-ms="167" status="PASS">
          <reporter-output>
          </reporter-output>
        </test-method> <!-- config -->
        <test-method signature="initialDemo()[pri:0, instance:com.ExtentReport.ExtentReportDemo@573906eb]" started-at="2021-08-06T18:35:12Z" name="initialDemo" finished-at="2021-08-06T18:35:20Z" duration-ms="8714" status="PASS">
          <reporter-output>
          </reporter-output>
        </test-method> <!-- initialDemo -->
      </class> <!-- com.ExtentReport.ExtentReportDemo -->
    </test> <!-- Default test -->
  </suite> <!-- Default suite -->
</testng-results>
